<?xml version="1.0" encoding="utf-8"?><testsuites name="pytest tests"><testsuite name="pytest" errors="0" failures="0" skipped="0" tests="21" time="3.843" timestamp="2026-07-11T01:29:14.896299+00:00" hostname="agent-env-2d815355-2f1b-4ad5-b797-13b17c0d95fe"><testcase classname="test_aura_backend" name="test_health" time="0.109" /><testcase classname="test_aura_backend" name="test_list_astrologers" time="0.112" /><testcase classname="test_aura_backend" name="test_get_astro_detail_with_reviews" time="0.206" /><testcase classname="test_aura_backend" name="test_astro_filter_tarot" time="0.083" /><testcase classname="test_aura_backend" name="test_phone_request_ok" time="0.105" /><testcase classname="test_aura_backend" name="test_phone_verify_ok_and_wallet_50" time="0.083" /><testcase classname="test_aura_backend" name="test_phone_verify_bad_otp" time="0.071" /><testcase classname="test_aura_backend" name="test_auth_me" time="0.218" /><testcase classname="test_aura_backend" name="test_zodiacs" time="0.071" /><testcase classname="test_aura_backend" name="test_horoscope_aries" time="0.086" /><testcase classname="test_aura_backend" name="test_kundli_generate" time="0.072" /><testcase classname="test_aura_backend" name="test_chat_start" time="0.131" /><testcase classname="test_aura_backend" name="test_get_chat_messages" time="0.081" /><testcase classname="test_aura_backend" name="test_list_chats" time="0.080" /><testcase classname="test_aura_backend" name="test_wallet_get" time="0.072" /><testcase classname="test_aura_backend" name="test_wallet_add" time="0.151" /><testcase classname="test_aura_backend" name="test_wallet_add_negative" time="0.067" /><testcase classname="test_aura_backend" name="test_announcements_list" time="0.073" /><testcase classname="test_aura_backend" name="test_admin_endpoint_requires_admin" time="0.079" /><testcase classname="test_aura_backend" name="test_admin_endpoint_no_auth" time="0.072" /><testcase classname="test_aura_backend" name="test_websocket_chat_ai_reply" time="1.785" /></testsuite></testsuites>