<?xml version="1.0" encoding="utf-8"?><testsuites name="pytest tests"><testsuite name="pytest" errors="0" failures="0" skipped="0" tests="52" time="11.549" timestamp="2026-07-11T04:09:09.351264+00:00" hostname="agent-env-2d815355-2f1b-4ad5-b797-13b17c0d95fe"><testcase classname="backend.tests.test_aura_backend" name="test_health" time="0.106" /><testcase classname="backend.tests.test_aura_backend" name="test_list_astrologers" time="0.077" /><testcase classname="backend.tests.test_aura_backend" name="test_get_astro_detail_with_reviews" time="0.070" /><testcase classname="backend.tests.test_aura_backend" name="test_astro_filter_tarot" time="0.063" /><testcase classname="backend.tests.test_aura_backend" name="test_phone_request_ok" time="0.067" /><testcase classname="backend.tests.test_aura_backend" name="test_phone_verify_ok_and_wallet_50" time="0.153" /><testcase classname="backend.tests.test_aura_backend" name="test_phone_verify_bad_otp" time="0.084" /><testcase classname="backend.tests.test_aura_backend" name="test_auth_me" time="0.226" /><testcase classname="backend.tests.test_aura_backend" name="test_zodiacs" time="0.068" /><testcase classname="backend.tests.test_aura_backend" name="test_home_dashboard_leo_concerns_have_images" time="0.077" /><testcase classname="backend.tests.test_aura_backend" name="test_home_dashboard_panchang_shape" time="0.063" /><testcase classname="backend.tests.test_aura_backend" name="test_horoscope_aries" time="0.065" /><testcase classname="backend.tests.test_aura_backend" name="test_kundli_generate" time="0.087" /><testcase classname="backend.tests.test_aura_backend" name="test_chat_start" time="0.067" /><testcase classname="backend.tests.test_aura_backend" name="test_get_chat_messages" time="0.071" /><testcase classname="backend.tests.test_aura_backend" name="test_list_chats" time="0.064" /><testcase classname="backend.tests.test_aura_backend" name="test_wallet_get" time="0.074" /><testcase classname="backend.tests.test_aura_backend" name="test_wallet_add" time="0.143" /><testcase classname="backend.tests.test_aura_backend" name="test_wallet_add_negative" time="0.065" /><testcase classname="backend.tests.test_aura_backend" name="test_announcements_list" time="0.065" /><testcase classname="backend.tests.test_aura_backend" name="test_admin_endpoint_requires_admin" time="0.067" /><testcase classname="backend.tests.test_aura_backend" name="test_admin_endpoint_no_auth" time="0.074" /><testcase classname="backend.tests.test_aura_backend" name="test_websocket_chat_ai_reply" time="4.372" /><testcase classname="backend.tests.test_security_patches.TestSEC001PhoneOTP" name="test_universal_123456_rejected_on_fresh_phone" time="0.093" /><testcase classname="backend.tests.test_security_patches.TestSEC001PhoneOTP" name="test_request_returns_dev_otp" time="0.069" /><testcase classname="backend.tests.test_security_patches.TestSEC001PhoneOTP" name="test_verify_with_dev_otp_returns_session" time="0.131" /><testcase classname="backend.tests.test_security_patches.TestSEC001PhoneOTP" name="test_single_use_otp" time="0.223" /><testcase classname="backend.tests.test_security_patches.TestSEC001PhoneOTP" name="test_five_wrong_attempts_lock_out" time="0.478" /><testcase classname="backend.tests.test_security_patches.TestSEC001PhoneOTP" name="test_rate_limit_on_request" time="0.377" /><testcase classname="backend.tests.test_security_patches.TestSEC001PhoneOTP" name="test_two_phones_get_different_otps" time="0.219" /><testcase classname="backend.tests.test_security_patches.TestSEC002WalletCaps" name="test_zero_amount_rejected" time="0.213" /><testcase classname="backend.tests.test_security_patches.TestSEC002WalletCaps" name="test_per_call_over_cap_rejected" time="0.190" /><testcase classname="backend.tests.test_security_patches.TestSEC002WalletCaps" name="test_negative_amount_rejected" time="0.227" /><testcase classname="backend.tests.test_security_patches.TestSEC002WalletCaps" name="test_daily_count_and_amount_caps" time="0.456" /><testcase classname="backend.tests.test_security_patches.TestSEC002WalletCaps" name="test_daily_amount_cap_when_close_to_limit" time="0.351" /><testcase classname="backend.tests.test_security_patches.TestSEC003OrderPriceIntegrity" name="test_price_and_label_derived_from_catalog" time="0.216" /><testcase classname="backend.tests.test_security_patches.TestSEC003OrderPriceIntegrity" name="test_unknown_item_key_404" time="0.069" /><testcase classname="backend.tests.test_security_patches.TestSEC003OrderPriceIntegrity" name="test_invalid_item_type_400" time="0.060" /><testcase classname="backend.tests.test_security_patches.TestSEC004Reviews" name="test_missing_chat_id_400" time="0.210" /><testcase classname="backend.tests.test_security_patches.TestSEC004Reviews" name="test_fake_chat_id_404_or_403" time="0.060" /><testcase classname="backend.tests.test_security_patches.TestSEC004Reviews" name="test_real_chat_but_no_messages_400" time="0.130" /><testcase classname="backend.tests.test_security_patches.TestSEC004Reviews" name="test_review_after_ws_message_success_then_duplicate_409" time="0.375" /><testcase classname="backend.tests.test_security_patches.TestSEC004Reviews" name="test_rating_out_of_range_400[0]" time="0.068" /><testcase classname="backend.tests.test_security_patches.TestSEC004Reviews" name="test_rating_out_of_range_400[6]" time="0.072" /><testcase classname="backend.tests.test_security_patches.TestSEC004Reviews" name="test_rating_out_of_range_400[-1]" time="0.064" /><testcase classname="backend.tests.test_security_patches.TestSEC004Reviews" name="test_rating_out_of_range_400[99]" time="0.068" /><testcase classname="backend.tests.test_security_patches.TestSEC004Reviews" name="test_cross_user_review_forbidden" time="0.290" /><testcase classname="backend.tests.test_security_patches.TestNonRegression" name="test_astrologers_list" time="0.069" /><testcase classname="backend.tests.test_security_patches.TestNonRegression" name="test_home_dashboard" time="0.066" /><testcase classname="backend.tests.test_security_patches.TestNonRegression" name="test_remedies" time="0.071" /><testcase classname="backend.tests.test_security_patches.TestNonRegression" name="test_auth_me_ok" time="0.231" /><testcase classname="backend.tests.test_security_patches.TestNonRegression" name="test_auth_me_no_token_401" time="0.071" /></testsuite></testsuites>