<?xml version="1.0" encoding="utf-8"?><testsuites name="pytest tests"><testsuite name="pytest" errors="0" failures="0" skipped="0" tests="29" time="6.841" timestamp="2026-07-11T04:08:22.501815+00:00" hostname="agent-env-2d815355-2f1b-4ad5-b797-13b17c0d95fe"><testcase classname="backend.tests.test_security_patches.TestSEC001PhoneOTP" name="test_universal_123456_rejected_on_fresh_phone" time="0.254" /><testcase classname="backend.tests.test_security_patches.TestSEC001PhoneOTP" name="test_request_returns_dev_otp" time="0.205" /><testcase classname="backend.tests.test_security_patches.TestSEC001PhoneOTP" name="test_verify_with_dev_otp_returns_session" time="0.193" /><testcase classname="backend.tests.test_security_patches.TestSEC001PhoneOTP" name="test_single_use_otp" time="0.291" /><testcase classname="backend.tests.test_security_patches.TestSEC001PhoneOTP" name="test_five_wrong_attempts_lock_out" time="0.507" /><testcase classname="backend.tests.test_security_patches.TestSEC001PhoneOTP" name="test_rate_limit_on_request" time="0.335" /><testcase classname="backend.tests.test_security_patches.TestSEC001PhoneOTP" name="test_two_phones_get_different_otps" time="0.198" /><testcase classname="backend.tests.test_security_patches.TestSEC002WalletCaps" name="test_zero_amount_rejected" time="0.213" /><testcase classname="backend.tests.test_security_patches.TestSEC002WalletCaps" name="test_per_call_over_cap_rejected" time="0.206" /><testcase classname="backend.tests.test_security_patches.TestSEC002WalletCaps" name="test_negative_amount_rejected" time="0.248" /><testcase classname="backend.tests.test_security_patches.TestSEC002WalletCaps" name="test_daily_count_and_amount_caps" time="0.436" /><testcase classname="backend.tests.test_security_patches.TestSEC002WalletCaps" name="test_daily_amount_cap_when_close_to_limit" time="0.343" /><testcase classname="backend.tests.test_security_patches.TestSEC003OrderPriceIntegrity" name="test_price_and_label_derived_from_catalog" time="0.213" /><testcase classname="backend.tests.test_security_patches.TestSEC003OrderPriceIntegrity" name="test_unknown_item_key_404" time="0.079" /><testcase classname="backend.tests.test_security_patches.TestSEC003OrderPriceIntegrity" name="test_invalid_item_type_400" time="0.064" /><testcase classname="backend.tests.test_security_patches.TestSEC004Reviews" name="test_missing_chat_id_400" time="0.215" /><testcase classname="backend.tests.test_security_patches.TestSEC004Reviews" name="test_fake_chat_id_404_or_403" time="0.065" /><testcase classname="backend.tests.test_security_patches.TestSEC004Reviews" name="test_real_chat_but_no_messages_400" time="0.152" /><testcase classname="backend.tests.test_security_patches.TestSEC004Reviews" name="test_review_after_ws_message_success_then_duplicate_409" time="1.505" /><testcase classname="backend.tests.test_security_patches.TestSEC004Reviews" name="test_rating_out_of_range_400[0]" time="0.070" /><testcase classname="backend.tests.test_security_patches.TestSEC004Reviews" name="test_rating_out_of_range_400[6]" time="0.071" /><testcase classname="backend.tests.test_security_patches.TestSEC004Reviews" name="test_rating_out_of_range_400[-1]" time="0.070" /><testcase classname="backend.tests.test_security_patches.TestSEC004Reviews" name="test_rating_out_of_range_400[99]" time="0.072" /><testcase classname="backend.tests.test_security_patches.TestSEC004Reviews" name="test_cross_user_review_forbidden" time="0.290" /><testcase classname="backend.tests.test_security_patches.TestNonRegression" name="test_astrologers_list" time="0.073" /><testcase classname="backend.tests.test_security_patches.TestNonRegression" name="test_home_dashboard" time="0.062" /><testcase classname="backend.tests.test_security_patches.TestNonRegression" name="test_remedies" time="0.064" /><testcase classname="backend.tests.test_security_patches.TestNonRegression" name="test_auth_me_ok" time="0.231" /><testcase classname="backend.tests.test_security_patches.TestNonRegression" name="test_auth_me_no_token_401" time="0.063" /></testsuite></testsuites>